<?xml version="1.0" encoding="UTF-8" standalone="no"?>
<testsuite errors="0" failures="0" name="io.cucumber.core.plugin.JUnitFormatter" skipped="0" tests="1" time="10.222">
    <testcase classname="Testing the fuctionality of an WebBrowser." name="verifying the WebURL." time="9.672">
        <system-out><![CDATA[Given Open the Browser......................................................passed
When Enter the WebURL. "https://www.saucedemo.com/".........................passed
Then Homepage Page is displayed.............................................passed
]]></system-out>
    </testcase>
</testsuite>
