<?xml version="1.0" encoding="UTF-8"?>
<testsuite xmlns:xsi="http://www.w3.org/2001/XMLSchema-instance" xsi:noNamespaceSchemaLocation="https://maven.apache.org/surefire/maven-surefire-plugin/xsd/surefire-test-report.xsd" name="TestSuite" time="250.74" tests="12" errors="0" skipped="0" failures="0">
  <properties>
    <property name="java.specification.version" value="18"/>
    <property name="sun.cpu.isalist" value="amd64"/>
    <property name="sun.jnu.encoding" value="Cp1252"/>
    <property name="java.class.path" value="C:\Users\KKASHIVA\.p2\pool\plugins\org.eclipse.m2e.maven.runtime_1.18.3.20220227-1319\jars\plexus-classworlds-2.6.0.jar"/>
    <property name="java.vm.vendor" value="Eclipse Adoptium"/>
    <property name="sun.arch.data.model" value="64"/>
    <property name="user.variant" value=""/>
    <property name="java.vendor.url" value="https://adoptium.net/"/>
    <property name="user.timezone" value="Asia/Calcutta"/>
    <property name="java.vm.specification.version" value="18"/>
    <property name="os.name" value="Windows 10"/>
    <property name="sun.java.launcher" value="SUN_STANDARD"/>
    <property name="user.country" value="US"/>
    <property name="sun.boot.library.path" value="C:\Users\KKASHIVA\.p2\pool\plugins\org.eclipse.justj.openjdk.hotspot.jre.full.win32.x86_64_18.0.1.v20220515-1614\jre\bin"/>
    <property name="sun.java.command" value="org.codehaus.plexus.classworlds.launcher.Launcher -B test"/>
    <property name="jdk.debug" value="release"/>
    <property name="maven.home" value="C:\WorkSpaces\org.SwagLabs.com\EMBEDDED"/>
    <property name="sun.cpu.endian" value="little"/>
    <property name="user.home" value="C:\Users\KKASHIVA"/>
    <property name="user.language" value="en"/>
    <property name="java.specification.vendor" value="Oracle Corporation"/>
    <property name="jansi.mode" value="strip"/>
    <property name="java.version.date" value="2022-04-19"/>
    <property name="java.home" value="C:\Users\KKASHIVA\.p2\pool\plugins\org.eclipse.justj.openjdk.hotspot.jre.full.win32.x86_64_18.0.1.v20220515-1614\jre"/>
    <property name="file.separator" value="\"/>
    <property name="java.vm.compressedOopsMode" value="Zero based"/>
    <property name="line.separator" value="&#10;"/>
    <property name="java.vm.specification.vendor" value="Oracle Corporation"/>
    <property name="java.specification.name" value="Java Platform API Specification"/>
    <property name="user.script" value=""/>
    <property name="sun.management.compiler" value="HotSpot 64-Bit Tiered Compilers"/>
    <property name="java.runtime.version" value="18.0.1+10"/>
    <property name="user.name" value="kkashiva"/>
    <property name="path.separator" value=";"/>
    <property name="os.version" value="10.0"/>
    <property name="java.runtime.name" value="OpenJDK Runtime Environment"/>
    <property name="file.encoding" value="UTF-8"/>
    <property name="guice.disable.misplaced.annotation.check" value="true"/>
    <property name="java.vm.name" value="OpenJDK 64-Bit Server VM"/>
    <property name="java.vendor.version" value="Temurin-18.0.1+10"/>
    <property name="java.vendor.url.bug" value="https://github.com/adoptium/adoptium-support/issues"/>
    <property name="java.io.tmpdir" value="C:\Users\KKASHIVA\AppData\Local\Temp\"/>
    <property name="java.version" value="18.0.1"/>
    <property name="user.dir" value="C:\WorkSpaces\org.SwagLabs.com"/>
    <property name="os.arch" value="amd64"/>
    <property name="maven.multiModuleProjectDirectory" value="C:\WorkSpaces\org.SwagLabs.com"/>
    <property name="java.vm.specification.name" value="Java Virtual Machine Specification"/>
    <property name="sun.os.patch.level" value=""/>
    <property name="native.encoding" value="Cp1252"/>
    <property name="java.library.path" value="C:\Users\KKASHIVA\.p2\pool\plugins\org.eclipse.justj.openjdk.hotspot.jre.full.win32.x86_64_18.0.1.v20220515-1614\jre\bin;C:\WINDOWS\Sun\Java\bin;C:\WINDOWS\system32;C:\WINDOWS;C:/Users/KKASHIVA/.p2/pool/plugins/org.eclipse.justj.openjdk.hotspot.jre.full.win32.x86_64_18.0.1.v20220515-1614/jre/bin/server;C:/Users/KKASHIVA/.p2/pool/plugins/org.eclipse.justj.openjdk.hotspot.jre.full.win32.x86_64_18.0.1.v20220515-1614/jre/bin;C:\Program Files\Eclipse Foundation\jdk-11.0.12.7-hotspot\bin;C:\WINDOWS\system32;C:\WINDOWS;C:\WINDOWS\System32\Wbem;C:\WINDOWS\System32\WindowsPowerShell\v1.0\;C:\WINDOWS\System32\OpenSSH\;C:\Users\KKASHIVA\Downloads\allure-2.18.1\allure-2.18.1\bin;C:\Users\KKASHIVA\Downloads\allure-2.18.1\allure-2.18.1;C:\Users\KKASHIVA\Downloads\apache-maven-3.8.6-bin\apache-maven-3.8.6\bin;C:\Users\KKASHIVA\Downloads\apache-maven-3.8.6-bin\apache-maven-3.8.6;C:\Users\KKASHIVA\AppData\Local\Microsoft\WindowsApps;C:\Users\KKASHIVA\AppData\Local\Programs\Git\cmd;C:\WINDOWS\System32;;."/>
    <property name="java.vm.info" value="mixed mode"/>
    <property name="java.vendor" value="Eclipse Adoptium"/>
    <property name="java.vm.version" value="18.0.1+10"/>
    <property name="classworlds.conf" value="C:\WorkSpaces\.metadata\.plugins\org.eclipse.m2e.launching\launches\m2conf1416460370052136763.tmp"/>
    <property name="sun.io.unicode.encoding" value="UnicodeLittle"/>
    <property name="java.class.version" value="62.0"/>
  </properties>
  <testcase name="runScenario" classname="org.SwagLabs.TestRunner.TestRunner1" time="10.041"/>
  <testcase name="runScenario" classname="org.SwagLabs.TestRunner.TestRunner2" time="11.549"/>
  <testcase name="runScenario" classname="org.SwagLabs.TestRunner.TestRunner2" time="14.242"/>
  <testcase name="runScenario" classname="org.SwagLabs.TestRunner.TestRunner2" time="21.685"/>
  <testcase name="runScenario" classname="org.SwagLabs.TestRunner.TestRunner2" time="21.174"/>
  <testcase name="runScenario" classname="org.SwagLabs.TestRunner.TestRunner2" time="27.007"/>
  <testcase name="runScenario" classname="org.SwagLabs.TestRunner.TestRunner2" time="21.434"/>
  <testcase name="runScenario" classname="org.SwagLabs.TestRunner.TestRunner2" time="29.144"/>
  <testcase name="runScenario" classname="org.SwagLabs.TestRunner.TestRunner2" time="31.397"/>
  <testcase name="runScenario" classname="org.SwagLabs.TestRunner.TestRunner3" time="28.812"/>
  <testcase name="runScenario" classname="org.SwagLabs.TestRunner.TestRunner3" time="9.144"/>
  <testcase name="runScenario" classname="org.SwagLabs.TestRunner.TestRunner3" time="21.735"/>
</testsuite>