<?xml version="1.0" encoding="UTF-8"?>
<!-- Generated by org.testng.reporters.JUnitReportReporter -->
<testsuite hostname="LIN30000668" failures="0" tests="3" name="org.SwagLabs.TestRunner.TestRunner3" time="55.308" errors="0" timestamp="2022-07-27T14:28:25 IST" skipped="0">
  <testcase classname="org.SwagLabs.TestRunner.TestRunner3" name="runScenario" time="5.770"/>
  <system-out/>
  <testcase classname="org.SwagLabs.TestRunner.TestRunner3" name="runScenario" time="24.904"/>
  <system-out/>
  <testcase classname="org.SwagLabs.TestRunner.TestRunner3" name="runScenario" time="24.634"/>
  <system-out/>
</testsuite> <!-- org.SwagLabs.TestRunner.TestRunner3 -->
