<?xml version="1.0" encoding="UTF-8"?>
<!-- Generated by org.testng.reporters.JUnitReportReporter -->
<testsuite hostname="LIN30000668" failures="0" tests="8" name="org.SwagLabs.TestRunner.TestRunner2" time="180.302" errors="0" timestamp="2022-07-27T14:28:25 IST" skipped="0">
  <testcase classname="org.SwagLabs.TestRunner.TestRunner2" name="runScenario" time="25.393"/>
  <system-out/>
  <testcase classname="org.SwagLabs.TestRunner.TestRunner2" name="runScenario" time="21.838"/>
  <system-out/>
  <testcase classname="org.SwagLabs.TestRunner.TestRunner2" name="runScenario" time="22.717"/>
  <system-out/>
  <testcase classname="org.SwagLabs.TestRunner.TestRunner2" name="runScenario" time="16.286"/>
  <system-out/>
  <testcase classname="org.SwagLabs.TestRunner.TestRunner2" name="runScenario" time="23.567"/>
  <system-out/>
  <testcase classname="org.SwagLabs.TestRunner.TestRunner2" name="runScenario" time="21.909"/>
  <system-out/>
  <testcase classname="org.SwagLabs.TestRunner.TestRunner2" name="runScenario" time="18.870"/>
  <system-out/>
  <testcase classname="org.SwagLabs.TestRunner.TestRunner2" name="runScenario" time="29.722"/>
  <system-out/>
</testsuite> <!-- org.SwagLabs.TestRunner.TestRunner2 -->
