<?xml version="1.0" encoding="UTF-8"?>
<!-- Generated by org.testng.reporters.JUnitReportReporter -->
<testsuite hostname="LIN30000668" failures="0" tests="1" name="org.SwagLabs.TestRunner.TestRunner1" time="9.981" errors="0" timestamp="2022-07-28T10:03:42 IST" skipped="0">
  <testcase classname="org.SwagLabs.TestRunner.TestRunner1" name="runScenario" time="9.981"/>
  <system-out/>
</testsuite> <!-- org.SwagLabs.TestRunner.TestRunner1 -->
