<?xml version="1.0" encoding="UTF-8"?>
<!-- Generated by org.testng.reporters.JUnitReportReporter -->
<testsuite hostname="LIN30000668" failures="0" tests="8" name="org.SwagLabs.TestRunner.TestRunner2" time="177.634" errors="0" timestamp="2022-07-28T10:03:42 IST" skipped="0">
  <testcase classname="org.SwagLabs.TestRunner.TestRunner2" name="runScenario" time="21.434"/>
  <system-out/>
  <testcase classname="org.SwagLabs.TestRunner.TestRunner2" name="runScenario" time="27.007"/>
  <system-out/>
  <testcase classname="org.SwagLabs.TestRunner.TestRunner2" name="runScenario" time="31.397"/>
  <system-out/>
  <testcase classname="org.SwagLabs.TestRunner.TestRunner2" name="runScenario" time="29.144"/>
  <system-out/>
  <testcase classname="org.SwagLabs.TestRunner.TestRunner2" name="runScenario" time="14.243"/>
  <system-out/>
  <testcase classname="org.SwagLabs.TestRunner.TestRunner2" name="runScenario" time="21.685"/>
  <system-out/>
  <testcase classname="org.SwagLabs.TestRunner.TestRunner2" name="runScenario" time="11.549"/>
  <system-out/>
  <testcase classname="org.SwagLabs.TestRunner.TestRunner2" name="runScenario" time="21.175"/>
  <system-out/>
</testsuite> <!-- org.SwagLabs.TestRunner.TestRunner2 -->
