<?xml version="1.0" encoding="UTF-8"?>
<!-- Generated by org.testng.reporters.JUnitReportReporter -->
<testsuite hostname="LIN30000668" failures="0" tests="3" name="org.SwagLabs.TestRunner.TestRunner3" time="59.665" errors="0" timestamp="2022-07-28T10:03:42 IST" skipped="0">
  <testcase classname="org.SwagLabs.TestRunner.TestRunner3" name="runScenario" time="9.146"/>
  <system-out/>
  <testcase classname="org.SwagLabs.TestRunner.TestRunner3" name="runScenario" time="28.784"/>
  <system-out/>
  <testcase classname="org.SwagLabs.TestRunner.TestRunner3" name="runScenario" time="21.735"/>
  <system-out/>
</testsuite> <!-- org.SwagLabs.TestRunner.TestRunner3 -->
